<bar>
	<name>test-bar</name>
	<crumbs type="array">
	   <link>
            <icon>glyphicon glyphicon-th</icon>
            <href>#</href>
            <title>Home</title>
        </link>
		<link>
			<text>Hello</text>
			<href>#</href>
			<title>List of suites</title>
		</link>
		<link>
			<text>{{activesuite}}</text>
			<href>#/suite/{{activesuite}}</href>
			<title>Current suite</title>
		</link>
	</crumbs>
	<views type="array">
		<command>
			<text>View1</text>
			<action>setView('grid')</action>
			<icon>glyphicon glyphicon-th</icon>
			<title>view data as grid</title>
			<class>{'btn-primary':view=='grid'}</class>
		</command>
		<command>
			<text>View2</text>
			<action>setView('graph')</action>
			<icon>glyphicon glyphicon-signal</icon>
			<title>view data as chart</title>
			<class>{'btn-primary':view=='graph'}</class>
		</command>
	</views>
	<actions type="array">
		<command>
			<text>Act1</text>
			<action>setView('run')</action>
			<icon>glyphicon glyphicon-forward</icon>
			<title>setup a timing run</title>
		</command>
	
	</actions>
</bar>